= Logs of language model for Belarusian (be) =

- Generated by BuildLangModel.py
- Started: 2019-03-05 18:30:17.964464
- Maximum depth: 4
- Max number of pages: 100

== Parsed pages ==

Галоўная_старонка (revision 3314810)
1386 (revision 3318522)
1812 (revision 3317760)
1837 (revision 3317732)
1925 (revision 3316369)
1956 (revision 3316332)
1959 (revision 3316329)
2019 (revision 3333637)
4 сакавіка (revision 1761191)
Helaeomyia petrolei (revision 3312800)
TUT.BY (revision 3189969)
XX стагоддзе (revision 3006438)
Іван Пятровіч Паўлаў (revision 3330827)
Інструкцыя па транслітарацыі (revision 3285076)
Антрапалогія (revision 3095342)
Асфальт (revision 2594585)
Аэрапорт Віцебск (revision 3106296)
Аўстрыя (revision 3306502)
Баравуха (revision 3332684)
Беларуская Вікіпедыя (revision 3330925)
Беларуская мова (revision 3321859)
Беларусь (revision 3320908)
Беласток (revision 3082237)
Вялікае княства Літоўскае (revision 3259013)
Вікіпедыя (revision 3333246)
Віцебск (revision 3328544)
Віцебская вобласць (revision 3328232)
Віцебскі раён (revision 3238295)
Віцьба (revision 3194807)
Горад (revision 2627422)
Гравітацыя (альбом) (revision 3333104)
Давыд Львовіч Глінскі (revision 3326607)
Еўрапейскі маршрут E95 (revision 2686641)
Жарэс Іванавіч Алфёраў (revision 3332006)
Заходняя Дзвіна (revision 3169818)
Знакі паштовай аплаты Украіны (1999) (revision 3225969)
Зігмунд Фрэйд (revision 3200632)
КА Піянер-4 (revision 2394843)
Лучоса (revision 3251826)
Лявон Вольскі (revision 3333010)
Літаратура (revision 1786497)
Магістраль М3 (revision 3116154)
Магістраль М8 (revision 3107563)
Манстэра прывабная (revision 3332338)
Масква (revision 3227608)
Мастацтва (revision 3294147)
Медыцына (revision 1782135)
Месяц, спадарожнік Зямлі (revision 3186245)
Мінск (revision 3229030)
Наваполацк (revision 3260791)
Нафта (revision 3327706)
Неўралогія (revision 3193067)
Нобелеўская прэмія па фізіцы (revision 3052696)
Ніва (1956) (revision 3315439)
Орша (revision 3248596)
Пагранічны канфлікт паміж Індыяй і Пакістанам (2019) (revision 3333643)
Панядзелак (revision 1526755)
Полацк (revision 3329956)
Поль Марыа (revision 3281894)
Порт (revision 2674776)
Псіхааналіз (revision 3260302)
Псіхааналітык (revision 3260302)
Псіхалогія (revision 2232890)
Псіхіятрыя (revision 1919915)
Расія (revision 3239593)
Рэч Паспалітая (revision 3266116)
Санкт-Пецярбург (revision 2857455)
Сацыялогія (revision 3130424)
Славенская Вікіпедыя (revision 2760315)
Справа БелТА (revision 3333271)
Суперкубак Беларусі па футболе 2019 (revision 3333334)
Сыраежка шэрая (revision 3332345)
Універсальны каардынаваны час (revision 2713688)
ФК БАТЭ (revision 3333087)
ФК Дынама Брэст (revision 3332229)
Футбол (revision 3161765)
Чыкага (revision 3312149)
Энцыклапедыя (revision 3048519)
Ягайла (revision 3248985)
Яўхім Храптовіч (revision 3008180)
12 сакавіка (revision 3110377)
1345 (revision 3318571)
1360-я (revision 2963824)
1370-я (revision 3318540)
1380-я (revision 3066609)
1383 (revision 3318525)
1384 (revision 3318524)
1385 (revision 3318523)
1387 (revision 3318521)
1388 (revision 3318520)
1389 (revision 3318519)
1390-я (revision 3318516)
1400-я (revision 3005229)
1428 (revision 3318470)
1456 (revision 3318437)
23.10 (revision 2463644)
24 лютага (revision 3100846)
24 чэрвеня (revision 2866534)

== End of Parsed pages ==

- Wikipedia parsing ended at: 2019-03-05 18:36:38.571630

64 characters appeared 650592 times.

First 61 characters:
[ 0] Char а: 15.592106881117504 %
[ 1] Char н: 6.625350450051645 %
[ 2] Char і: 5.712796960306921 %
[ 3] Char р: 5.026345236338596 %
[ 4] Char с: 4.852196153656977 %
[ 5] Char ы: 4.281024051940387 %
[ 6] Char к: 4.109795386355811 %
[ 7] Char л: 4.034633072647681 %
[ 8] Char е: 3.7853216762579316 %
[ 9] Char т: 3.5224841375239784 %
[10] Char я: 3.404437804338203 %
[11] Char д: 3.239664797599725 %
[12] Char о: 3.2385888544587087 %
[13] Char в: 3.172802616693719 %
[14] Char м: 2.900435295853623 %
[15] Char у: 2.899205646549604 %
[16] Char п: 2.7653275785745906 %
[17] Char з: 2.334028085190104 %
[18] Char ц: 2.276849392553244 %
[19] Char г: 2.130521125375043 %
[20] Char ў: 2.0449067925827555 %
[21] Char б: 1.5492044169003 %
[22] Char ч: 1.3281749545029757 %
[23] Char э: 1.3109598642467168 %
[24] Char й: 1.2388716737986325 %
[25] Char х: 1.0653374157690227 %
[26] Char ь: 1.0553465151738723 %
[27] Char ш: 0.8255558014854164 %
[28] Char ж: 0.5312084993359893 %
[29] Char ю: 0.4706482711130786 %
[30] Char ф: 0.4598888397029167 %
[31] Char i: 0.2782081550341842 %
[32] Char ё: 0.27574885642614727 %
[33] Char и: 0.14233190694014067 %
[34] Char e: 0.13833554670208056 %
[35] Char a: 0.13664477890905513 %
[36] Char s: 0.111436968176676 %
[37] Char o: 0.10344424770055581 %
[38] Char n: 0.10298312921154887 %
[39] Char t: 0.09744970734346564 %
[40] Char r: 0.09714229501746102 %
[41] Char x: 0.07516231370813044 %
[42] Char l: 0.07485490138212582 %
[43] Char u: 0.0667084747430033 %
[44] Char c: 0.06363435148295707 %
[45] Char v: 0.053336038561802177 %
[46] Char m: 0.04857114750873051 %
[47] Char d: 0.04764891053071664 %
[48] Char b: 0.04518961192267965 %
[49] Char p: 0.041808076336628794 %
[50] Char k: 0.033815355860508586 %
[51] Char g: 0.03243200039348778 %
[52] Char w: 0.031202351089469286 %
[53] Char y: 0.0301264079484531 %
[54] Char h: 0.029511583296443857 %
[55] Char z: 0.020750332005312084 %
[56] Char f: 0.018905858049284345 %
[57] Char j: 0.010605725247159511 %
[58] Char ъ: 0.002305592445034676 %
[59] Char щ: 0.0019981801190300527 %
[60] Char q: 0.001844473956027741 %

The first 61 characters have an accumulated ratio of 0.9999815552604403.

1419 sequences found.

First 512 (typical positive ratio): 0.9748335015136226
Next 512 (512-1024): 0.03404437804338203
Rest: 0.0015613246491147821

- Processing end: 2019-03-05 18:36:38.805955
