= Logs of language model for Nederlands (nl) =

- Generated by BuildLangModel.py
- Started: 2019-03-05 22:44:20.050852
- Maximum depth: 4
- Max number of pages: 100

== Parsed pages ==

Hoofdpagina (revision 42806222)
1193 (revision 49105208)
1678 (revision 51370454)
1877 (revision 52221957)
1 maart (revision 53328825)
28 februari (revision 53333556)
2 maart (revision 53304319)
4 maart (revision 53328727)
Aardolie (revision 53232183)
Adder (revision 53255935)
Ajjoebiden (revision 52061408)
Anorganische verbinding (revision 50266701)
Anton Webern (revision 51435017)
Antonio Vivaldi (revision 53013950)
Atoombommen op Hiroshima en Nagasaki (revision 53186027)
Baan (hemellichaam) (revision 52421076)
Bacteriën (revision 53284887)
Ballet (revision 53166893)
België (revision 53089250)
Biomolecuul (revision 52342598)
Bolsjojtheater (revision 46840685)
Citadel van Damascus (revision 52714519)
De vier jaargetijden (revision 51236952)
Desoxyribonucleïnezuur (revision 52928136)
Dierenrijk (revision 53171437)
Donald Trump (revision 53316008)
Dragon 2 (revision 53325378)
Eindhoven (revision 53148954)
Emma Hamilton (revision 53200721)
Fosfolipide (revision 45426802)
Frankrijk (revision 53201265)
Gangbare jaartelling (revision 53305089)
Geologie (revision 52133989)
George Romney (revision 48220482)
Gesteente (revision 52807934)
Heiligdomsvaart van Maastricht (revision 53142350)
Het zwanenmeer (revision 53219336)
Honing (revision 53181307)
Horatio Nelson (revision 53314699)
Hout (hoofdbetekenis) (revision 53044527)
Howard Hughes (revision 53293454)
India (revision 53279672)
Internetencyclopedie (revision 52816473)
Islamitische kalender (revision 53328122)
James Lick (revision 53252724)
Jammu en Kasjmir (gebied) (revision 53313902)
Kasjmirconflict (revision 49694027)
Keith Flint (revision 53324751)
Kennedy Space Center (revision 53281818)
Kernwapenprogramma van Noord-Korea (revision 52456973)
Kim Jong-un (revision 52426396)
Kredietcrisis (revision 53280092)
Lemma (naslagwerk) (revision 53063550)
Lijst van personen overleden in 2019 (revision 52904365)
Lucifer (toneelstuk) (revision 51853284)
Ludo Loos (revision 53312584)
Luke Perry (revision 53334097)
Macromolecuul (revision 53233815)
Medina (Arabië) (revision 53164210)
Mineraal (revision 53228621)
Mohammed (revision 53205987)
Moskou (hoofdbetekenis) (revision 53161394)
Natuur (werkelijkheid) (revision 52651323)
Natuurproduct (materiaal) (revision 44076415)
Natuurproduct (scheikunde) (revision 52509420)
Nederlandstalige Wikipedia (revision 52234843)
Non-profit (revision 52177686)
Organisme (revision 52466273)
Oxytocine (revision 51856966)
Pakistan (revision 53255621)
Paul Williams (blueszanger) (revision 53316424)
Peter van Gestel (revision 53319161)
Planten (revision 52775791)
Protestbeweging van de gele hesjes (revision 53334148)
Proteïne (revision 52684512)
Republiek Venetië (revision 53244002)
Saladin (revision 51827810)
Scheikunde (revision 53170134)
Sedimentair gesteente (revision 52717620)
Seksualiteit (revision 52702386)
SpX-DM1 (revision 53331792)
SpaceX (revision 53312861)
Stof (scheikunde) (revision 53162151)
Subductie (revision 53057979)
Supramoleculaire chemie (revision 45112850)
Syrië (revision 53321993)
TNT-equivalent (revision 52284099)
Tabak (hoofdbetekenis) (revision 53251285)
Tektonische plaat (revision 52847756)
Topconferentie (revision 52015958)
Verliefdheid (revision 52492009)
Vest (kleding) (revision 52737592)
Vioolconcert (revision 52347055)
Vriendschap (revision 53223707)
Vroeg-islamitisch Egypte (revision 52269237)
Wallonië (revision 53178812)
Wikimedia Foundation (revision 52930105)
Wikipedia (revision 52234843)
Zuivere stof (revision 52503197)
1180-1189 (revision 46239029)

== End of Parsed pages ==

- Wikipedia parsing ended at: 2019-03-05 22:48:03.613070

59 characters appeared 1279049 times.

First 33 characters:
[ 0] Char e: 17.793376172453126 %
[ 1] Char n: 9.722301491186029 %
[ 2] Char a: 7.944887177895452 %
[ 3] Char i: 6.839221953185532 %
[ 4] Char r: 6.648533402551426 %
[ 5] Char t: 6.374267131282695 %
[ 6] Char o: 5.982257130102131 %
[ 7] Char d: 5.676483074534283 %
[ 8] Char s: 4.556432161707644 %
[ 9] Char l: 4.042534726972931 %
[10] Char g: 2.9120854634967075 %
[11] Char v: 2.647670261264424 %
[12] Char m: 2.385287819309503 %
[13] Char h: 2.3648820334482887 %
[14] Char k: 2.06176620285853 %
[15] Char u: 1.9499643876036021 %
[16] Char c: 1.7972728175386556 %
[17] Char b: 1.6535723025466575 %
[18] Char p: 1.6050987882403254 %
[19] Char w: 1.3385726426430888 %
[20] Char j: 1.2271617428261155 %
[21] Char z: 0.9909706352141316 %
[22] Char f: 0.9094256748568664 %
[23] Char y: 0.2506549788162924 %
[24] Char ë: 0.12001103945196784 %
[25] Char x: 0.09718157787543714 %
[26] Char é: 0.034713290890341184 %
[27] Char q: 0.02322037701448498 %
[28] Char ï: 0.02009305351085064 %
[29] Char ü: 0.0053164499561783795 %
[30] Char è: 0.0050037176058149455 %
[31] Char ó: 0.0043000698174972185 %
[32] Char ö: 0.003909154379542926 %

The first 33 characters have an accumulated ratio of 0.9998842890303653.

924 sequences found.

First 512 (typical positive ratio): 0.9980487395086337
Next 512 (512-1024): 7.818308759085852e-07
Rest: -4.9439619065339e-17

- Processing end: 2019-03-05 22:48:03.706807
