= Logs of language model for Africaans (af) =

- Generated by BuildLangModel.py
- Started: 2019-03-05 22:03:10.909663
- Maximum depth: 4
- Max number of pages: 100

== Parsed pages ==

Tuisblad (revision 1684582)
1461 (revision 1430176)
1790 (revision 1675248)
1791 (revision 1675249)
1902 (revision 1754087)
1975 (revision 1880191)
1980 (revision 1758590)
4 Maart (revision 1661671)
91ste Oscar-toekenningsaand (revision 1946970)
Afrikaans (revision 1948308)
Arbeidersparty (Verenigde Koninkryk) (revision 1889370)
Bohemian Rhapsody (rolprent) (revision 1866749)
Brexit (revision 1929336)
Britse Ryk (revision 1818751)
Britse Statebond (revision 1948285)
Calvados (département) (revision 1868774)
Chagos-argipel (revision 1615824)
Charlie Chaplin (revision 1781860)
Côtes-d'Armor (revision 1782169)
Deelstate van die Verenigde State van Amerika (revision 1649766)
Demokratiese Alliansie (revision 1812222)
Département (revision 1854517)
Eduard IV van Engeland (revision 1782743)
Elizabeth II van die Verenigde Koninkryk (revision 1901993)
Engeland (revision 1888071)
Frankryk (revision 1879703)
Franse Rewolusie (revision 1756798)
Hendrik VI van Engeland (revision 1800756)
Huis van Lancaster (revision 1785007)
Huis van York (revision 1785020)
Internasionale Geregshof (revision 1882325)
Internasionale reg (revision 1882335)
Kanada (revision 1877750)
Karl Lagerfeld (revision 1949039)
Litaue (revision 1931631)
Maori (revision 1890097)
Mauritius (revision 1888421)
Nieu-Seeland (revision 1671277)
Ottawa (revision 1789990)
Pole (revision 1936495)
Pretoria (revision 1918057)
Pretoriabrug (revision 1887276)
Pyrénées-Atlantiques (revision 1792575)
Rami Malek (revision 1949040)
Ridder (revision 1884319)
Robert Mugabe (revision 1906590)
Rose-oorlog (revision 1913440)
Src: (revision 1901833)
Stevens Mokgalapa (revision 1930702)
Suid-Afrika (revision 1948307)
Suider-Afrika (revision 1948287)
Suiderkruis (revision 1888298)
Suur (revision 1798004)
Suurstof (revision 1798017)
Tweede Vryheidsoorlog (revision 1948023)
Verenigde Koninkryk (revision 1929407)
Verenigde State van Amerika (revision 1912053)
Vermont (revision 1801379)
Vlag van Nieu-Seeland (revision 1843138)
Wapen (heraldiek) (revision 1927920)
Wikipedia (revision 1857198)
Zimbabwe (revision 1811872)
Zimbabwe African National Union (revision 1281251)
1361 (revision 1232246)
13de eeu (revision 1778015)
1403 (revision 1298375)
1451 (revision 1436197)
1456 (revision 1290621)
1457 (revision 1245081)
1458 (revision 1287891)
1459 (revision 1499559)
1460 (revision 1340662)
1462 (revision 1226747)
1463 (revision 1222574)
1464 (revision 1825686)
1465 (revision 1606552)
1466 (revision 1435721)
1471 (revision 1614854)
14de eeu (revision 1424027)
1561 (revision 1443451)
15de eeu (revision 1929254)
16de eeu (revision 1778021)
17de eeu (revision 1778022)
18 Desember (revision 1868555)
22 Julie (revision 1574046)
29 Maart (revision 1557782)
Ab Urbe Condita (jaartelling) (revision 1610886)
Armeense kalender (revision 1614076)
Dinsdag (revision 1881264)
Drie Konings (revision 1882373)
Eeue (revision 1824796)
Ethiopiese kalender (revision 1617197)
Geskiedenis (revision 1881847)
Gewone jaar (revision 1618048)
Gregoriaanse kalender (revision 1784182)
Hierdie dag in die geskiedenis (revision 1805537)
Hindoekalender (revision 1882190)
Indiese kalender (revision 1619125)
Irannese kalender (revision 1120053)
Islamitiese kalender (revision 1866795)
Joodse kalender (revision 1950690)

== End of Parsed pages ==

- Wikipedia parsing ended at: 2019-03-05 22:07:18.720938

53 characters appeared 821166 times.

First 50 characters:
[ 0] Char e: 17.6384555619692 %
[ 1] Char i: 8.750605845833851 %
[ 2] Char n: 8.378330325415325 %
[ 3] Char a: 8.181536985213707 %
[ 4] Char s: 6.845875255429474 %
[ 5] Char r: 6.67185441189723 %
[ 6] Char o: 5.801384860064834 %
[ 7] Char t: 5.707372200018023 %
[ 8] Char d: 5.647335617889683 %
[ 9] Char l: 4.071284003477981 %
[10] Char g: 3.3341614241213104 %
[11] Char k: 3.1217804926165966 %
[12] Char v: 2.253990058039422 %
[13] Char u: 2.214168633382288 %
[14] Char m: 2.17848766266504 %
[15] Char w: 1.7287612979592433 %
[16] Char b: 1.5950489913123533 %
[17] Char p: 1.5948054351982426 %
[18] Char h: 1.476193607626229 %
[19] Char y: 0.8480623893341908 %
[20] Char f: 0.8352756933433678 %
[21] Char c: 0.3411003378123303 %
[22] Char j: 0.29957402035642 %
[23] Char ë: 0.16768838456536192 %
[24] Char ê: 0.0817130762842105 %
[25] Char z: 0.07367572451855045 %
[26] Char é: 0.05212100841973487 %
[27] Char x: 0.026060504209867434 %
[28] Char á: 0.02581694809575652 %
[29] Char q: 0.018510264672429205 %
[30] Char ï: 0.009864022621491879 %
[31] Char ó: 0.00596712479571731 %
[32] Char š: 0.0038968978257745692 %
[33] Char ô: 0.003409785597552748 %
[34] Char ü: 0.0026791172552200165 %
[35] Char è: 0.00207022696994274 %
[36] Char ø: 0.0018266708558318295 %
[37] Char ž: 0.0014613366846654636 %
[38] Char í: 0.001217780570554553 %
[39] Char ç: 0.001217780570554553 %
[40] Char ö: 0.0010960025134990976 %
[41] Char ò: 0.0007306683423327318 %
[42] Char æ: 0.0006088902852772765 %
[43] Char ä: 0.0006088902852772765 %
[44] Char ã: 0.00048711222822182116 %
[45] Char â: 0.0003653341711663659 %
[46] Char ß: 0.0003653341711663659 %
[47] Char û: 0.00024355611411091058 %
[48] Char à: 0.00024355611411091058 %
[49] Char î: 0.00024355611411091058 %

The first 50 characters have an accumulated ratio of 0.9999963466582882.

825 sequences found.

First 512 (typical positive ratio): 0.9986034713711631
Next 512 (512-1024): 1.217780570554553e-06
Rest: -1.1709383462843448e-17

- Processing end: 2019-03-05 22:07:18.831493
